<?xml version="1.0" encoding="UTF-8"?>
<!-- Generated by org.testng.reporters.JUnitReportReporter -->
<testsuite hostname="iqbal-VivoBook-15" failures="0" tests="1" name="com.devops.api.DemoAPITest" time="4.958" errors="0" timestamp="2025-07-01T01:04:11 IST" skipped="0">
  <testcase classname="com.devops.api.DemoAPITest" name="testAPI" time="4.958"/>
</testsuite> <!-- com.devops.api.DemoAPITest -->
