<?xml version="1.0" encoding="UTF-8"?>
<!-- Generated by org.testng.reporters.JUnitReportReporter -->
<testsuite hostname="iqbal-VivoBook-15" failures="0" tests="1" name="com.devops.ui.GoogleTest" time="2.217" errors="0" timestamp="2025-07-01T01:04:11 IST" skipped="0">
  <testcase classname="com.devops.ui.GoogleTest" name="testGoogleSearch" time="2.217"/>
</testsuite> <!-- com.devops.ui.GoogleTest -->
